<?xml version="1.0" encoding="UTF-8"?>
<!-- Generated by org.testng.reporters.JUnitReportReporter -->
<testsuite hostname="Rahul" failures="0" tests="1" name="com.ice_hrm_automation.login.sample3" time="0.011" errors="0" timestamp="2023-03-16T19:48:29 IST" skipped="0">
  <testcase classname="com.ice_hrm_automation.login.sample3" name="test3" time="0.011"/>
  <system-out/>
</testsuite> <!-- com.ice_hrm_automation.login.sample3 -->
