<?xml version="1.0" encoding="UTF-8"?>
<!-- Generated by org.testng.reporters.JUnitReportReporter -->
<testsuite hostname="Rahul" failures="0" tests="1" name="com.ice_hrm_automation.login.Sample4" time="0.001" errors="0" timestamp="2023-03-16T18:29:41 IST" skipped="0">
  <testcase classname="com.ice_hrm_automation.login.Sample4" name="test4" time="0.001"/>
  <system-out/>
</testsuite> <!-- com.ice_hrm_automation.login.Sample4 -->
