<?xml version="1.0" encoding="UTF-8"?>
<!-- Generated by org.testng.reporters.JUnitReportReporter -->
<testsuite hostname="Rahul" failures="0" tests="10" name="com.ice_hrm_automation.login.ExcelTest" time="0.015" errors="0" timestamp="2023-03-23T14:25:07 IST" skipped="0">
  <testcase classname="com.ice_hrm_automation.login.ExcelTest" name="test" time="0.000"/>
  <system-out/>
  <testcase classname="com.ice_hrm_automation.login.ExcelTest" name="test" time="0.008"/>
  <system-out/>
  <testcase classname="com.ice_hrm_automation.login.ExcelTest" name="test" time="0.001"/>
  <system-out/>
  <testcase classname="com.ice_hrm_automation.login.ExcelTest" name="test" time="0.000"/>
  <system-out/>
  <testcase classname="com.ice_hrm_automation.login.ExcelTest" name="test" time="0.000"/>
  <system-out/>
  <testcase classname="com.ice_hrm_automation.login.ExcelTest" name="test" time="0.000"/>
  <system-out/>
  <testcase classname="com.ice_hrm_automation.login.ExcelTest" name="test" time="0.001"/>
  <system-out/>
  <testcase classname="com.ice_hrm_automation.login.ExcelTest" name="test" time="0.002"/>
  <system-out/>
  <testcase classname="com.ice_hrm_automation.login.ExcelTest" name="test" time="0.002"/>
  <system-out/>
  <testcase classname="com.ice_hrm_automation.login.ExcelTest" name="test" time="0.001"/>
  <system-out/>
</testsuite> <!-- com.ice_hrm_automation.login.ExcelTest -->
