<?xml version="1.0" encoding="UTF-8"?>
<!-- Generated by org.testng.reporters.JUnitReportReporter -->
<testsuite hostname="Rahul" failures="0" tests="4" name="ice_hrm_automation_Test.array1" time="0.016" errors="0" timestamp="2023-03-20T18:22:35 IST" skipped="0">
  <testcase classname="ice_hrm_automation_Test.array1" name="test" time="0.004"/>
  <system-out/>
  <testcase classname="ice_hrm_automation_Test.array1" name="test" time="0.009"/>
  <system-out/>
  <testcase classname="ice_hrm_automation_Test.array1" name="test" time="0.001"/>
  <system-out/>
  <testcase classname="ice_hrm_automation_Test.array1" name="test" time="0.002"/>
  <system-out/>
</testsuite> <!-- ice_hrm_automation_Test.array1 -->
