<?xml version="1.0" encoding="UTF-8"?>
<!-- Generated by org.testng.reporters.JUnitReportReporter -->
<testsuite hostname="Rahul" failures="0" tests="2" name="ice_hrm_automation_TestNG.LoginTest" time="202.606" errors="0" timestamp="2023-03-14T11:02:02 IST" skipped="0">
  <testcase classname="ice_hrm_automation_TestNG.LoginTest" name="addEmp" time="137.554"/>
  <system-out/>
  <testcase classname="ice_hrm_automation_TestNG.LoginTest" name="verifyEmp" time="65.052"/>
  <system-out/>
</testsuite> <!-- ice_hrm_automation_TestNG.LoginTest -->
