<?xml version="1.0" encoding="UTF-8"?>
<!-- Generated by org.testng.reporters.JUnitReportReporter -->
<testsuite hostname="Rahul" failures="0" tests="1" name="ice_hrm_automation_TestNG.EmpTest" time="13.583" errors="0" timestamp="2023-03-21T23:43:58 IST" skipped="0">
  <testcase classname="ice_hrm_automation_TestNG.EmpTest" name="login" time="13.583"/>
  <system-out/>
</testsuite> <!-- ice_hrm_automation_TestNG.EmpTest -->
