<?xml version="1.0" encoding="UTF-8"?>
<!-- Generated by org.testng.reporters.JUnitReportReporter -->
<testsuite hostname="Rahul" failures="0" tests="5" name="ice_hrm_automation_TestNG.TestNGExample1" time="0.012" errors="0" timestamp="2023-03-14T16:00:19 IST" skipped="0">
  <testcase classname="ice_hrm_automation_TestNG.TestNGExample1" name="add" time="0.008"/>
  <system-out/>
  <testcase classname="ice_hrm_automation_TestNG.TestNGExample1" name="mult" time="0.001"/>
  <system-out/>
  <testcase classname="ice_hrm_automation_TestNG.TestNGExample1" name="div" time="0.001"/>
  <system-out/>
  <testcase classname="ice_hrm_automation_TestNG.TestNGExample1" name="modulus" time="0.001"/>
  <system-out/>
  <testcase classname="ice_hrm_automation_TestNG.TestNGExample1" name="sub" time="0.001"/>
  <system-out/>
</testsuite> <!-- ice_hrm_automation_TestNG.TestNGExample1 -->
