<?xml version="1.0" encoding="UTF-8"?>
<!-- Generated by org.testng.reporters.JUnitReportReporter -->
<testsuite hostname="Rahul" failures="0" tests="5" name="com.ice_hrm_automation.login.Sample1" time="0.067" errors="0" timestamp="2023-03-16T18:54:01 IST" skipped="0">
  <testcase classname="com.ice_hrm_automation.login.Sample1" name="sample1Test2" time="0.013"/>
  <system-out/>
  <testcase classname="com.ice_hrm_automation.login.Sample1" name="sample1Test3" time="0.010"/>
  <system-out/>
  <testcase classname="com.ice_hrm_automation.login.Sample1" name="sample1Test1" time="0.019"/>
  <system-out/>
  <testcase classname="com.ice_hrm_automation.login.Sample1" name="sample1Test4" time="0.013"/>
  <system-out/>
  <testcase classname="com.ice_hrm_automation.login.Sample1" name="sample1Test5" time="0.012"/>
  <system-out/>
</testsuite> <!-- com.ice_hrm_automation.login.Sample1 -->
