<?xml version="1.0" encoding="UTF-8"?>
<!-- Generated by org.testng.reporters.JUnitReportReporter -->
<testsuite hostname="Rahul" failures="0" tests="2" name="ice_hrm_automation_TestNG.TestAnnotation" time="0.009" errors="0" timestamp="2023-03-14T23:58:52 IST" skipped="0">
  <testcase classname="ice_hrm_automation_TestNG.TestAnnotation" name="test1" time="0.007"/>
  <system-out/>
  <testcase classname="ice_hrm_automation_TestNG.TestAnnotation" name="test2" time="0.002"/>
  <system-out/>
</testsuite> <!-- ice_hrm_automation_TestNG.TestAnnotation -->
