<?xml version="1.0" encoding="UTF-8"?>
<!-- Generated by org.testng.reporters.JUnitReportReporter -->
<testsuite hostname="Rahul" failures="0" tests="3" name="com.ice_hrm_automation.login.LoginTest" time="0.016" errors="0" timestamp="2023-05-11T22:29:34 IST" skipped="0">
  <testcase classname="com.ice_hrm_automation.login.LoginTest" name="sample1Test1" time="0.008"/>
  <system-out/>
  <testcase classname="com.ice_hrm_automation.login.LoginTest" name="sample1Test2" time="0.004"/>
  <system-out/>
  <testcase classname="com.ice_hrm_automation.login.LoginTest" name="sample1Test3" time="0.004"/>
  <system-out/>
</testsuite> <!-- com.ice_hrm_automation.login.LoginTest -->
